[debug] [2025-08-09T20:59:45.015Z] ----------------------------------------------------------------------
[debug] [2025-08-09T20:59:45.020Z] Command:       /home/kareltestspecial/.config/nvm/versions/node/v22.17.0/bin/node /usr/local/bin/firebase deploy --only functions
[debug] [2025-08-09T20:59:45.021Z] CLI Version:   14.12.0
[debug] [2025-08-09T20:59:45.021Z] Platform:      linux
[debug] [2025-08-09T20:59:45.021Z] Node Version:  v22.17.0
[debug] [2025-08-09T20:59:45.022Z] Time:          Sat Aug 09 2025 22:59:45 GMT+0200 (Central European Summer Time)
[debug] [2025-08-09T20:59:45.024Z] ----------------------------------------------------------------------
[debug] 
[debug] [2025-08-09T20:59:45.804Z] > command requires scopes: ["email","openid","https://www.googleapis.com/auth/cloudplatformprojects.readonly","https://www.googleapis.com/auth/firebase","https://www.googleapis.com/auth/cloud-platform"]
[debug] [2025-08-09T20:59:45.805Z] > authorizing via signed-in user (karel.test.special@gmail.com)
[debug] [2025-08-09T20:59:45.808Z] [iam] checking project link-in-bio-fbase-project for permissions ["cloudfunctions.functions.create","cloudfunctions.functions.delete","cloudfunctions.functions.get","cloudfunctions.functions.list","cloudfunctions.functions.update","cloudfunctions.operations.get","firebase.projects.get"]
[debug] [2025-08-09T20:59:45.811Z] Checked if tokens are valid: true, expires at: 1754775376854
[debug] [2025-08-09T20:59:45.812Z] Checked if tokens are valid: true, expires at: 1754775376854
[debug] [2025-08-09T20:59:45.813Z] >>> [apiv2][query] POST https://cloudresourcemanager.googleapis.com/v1/projects/link-in-bio-fbase-project:testIamPermissions [none]
[debug] [2025-08-09T20:59:45.814Z] >>> [apiv2][(partial)header] POST https://cloudresourcemanager.googleapis.com/v1/projects/link-in-bio-fbase-project:testIamPermissions x-goog-quota-user=projects/link-in-bio-fbase-project
[debug] [2025-08-09T20:59:45.814Z] >>> [apiv2][body] POST https://cloudresourcemanager.googleapis.com/v1/projects/link-in-bio-fbase-project:testIamPermissions {"permissions":["cloudfunctions.functions.create","cloudfunctions.functions.delete","cloudfunctions.functions.get","cloudfunctions.functions.list","cloudfunctions.functions.update","cloudfunctions.operations.get","firebase.projects.get"]}
[debug] [2025-08-09T20:59:46.660Z] <<< [apiv2][status] POST https://cloudresourcemanager.googleapis.com/v1/projects/link-in-bio-fbase-project:testIamPermissions 200
[debug] [2025-08-09T20:59:46.661Z] <<< [apiv2][body] POST https://cloudresourcemanager.googleapis.com/v1/projects/link-in-bio-fbase-project:testIamPermissions {"permissions":["cloudfunctions.functions.create","cloudfunctions.functions.delete","cloudfunctions.functions.get","cloudfunctions.functions.list","cloudfunctions.functions.update","cloudfunctions.operations.get","firebase.projects.get"]}
[debug] [2025-08-09T20:59:46.662Z] Checked if tokens are valid: true, expires at: 1754775376854
[debug] [2025-08-09T20:59:46.662Z] Checked if tokens are valid: true, expires at: 1754775376854
[debug] [2025-08-09T20:59:46.662Z] >>> [apiv2][query] POST https://iam.googleapis.com/v1/projects/link-in-bio-fbase-project/serviceAccounts/link-in-bio-fbase-project@appspot.gserviceaccount.com:testIamPermissions [none]
[debug] [2025-08-09T20:59:46.662Z] >>> [apiv2][body] POST https://iam.googleapis.com/v1/projects/link-in-bio-fbase-project/serviceAccounts/link-in-bio-fbase-project@appspot.gserviceaccount.com:testIamPermissions {"permissions":["iam.serviceAccounts.actAs"]}
[debug] [2025-08-09T20:59:47.349Z] <<< [apiv2][status] POST https://iam.googleapis.com/v1/projects/link-in-bio-fbase-project/serviceAccounts/link-in-bio-fbase-project@appspot.gserviceaccount.com:testIamPermissions 200
[debug] [2025-08-09T20:59:47.350Z] <<< [apiv2][body] POST https://iam.googleapis.com/v1/projects/link-in-bio-fbase-project/serviceAccounts/link-in-bio-fbase-project@appspot.gserviceaccount.com:testIamPermissions {"permissions":["iam.serviceAccounts.actAs"]}
[info] 
[info] === Deploying to 'link-in-bio-fbase-project'...
[info] 
[info] i  deploying functions 
[debug] [2025-08-09T20:59:47.372Z] Checked if tokens are valid: true, expires at: 1754775376854
[debug] [2025-08-09T20:59:47.372Z] Checked if tokens are valid: true, expires at: 1754775376854
[debug] [2025-08-09T20:59:47.372Z] >>> [apiv2][query] GET https://cloudresourcemanager.googleapis.com/v1/projects/link-in-bio-fbase-project [none]
[debug] [2025-08-09T20:59:47.564Z] <<< [apiv2][status] GET https://cloudresourcemanager.googleapis.com/v1/projects/link-in-bio-fbase-project 200
[debug] [2025-08-09T20:59:47.565Z] <<< [apiv2][body] GET https://cloudresourcemanager.googleapis.com/v1/projects/link-in-bio-fbase-project {"projectNumber":"671575470699","projectId":"link-in-bio-fbase-project","lifecycleState":"ACTIVE","name":"link-in-bio-fbase-project","labels":{"firebase":"enabled","firebase-core":"disabled","generative-language":"enabled"},"createTime":"2025-08-09T17:41:21.980327Z"}
[info] i  functions: preparing codebase default for deployment 
[info] i  functions: ensuring required API cloudfunctions.googleapis.com is enabled... 
[info] i  functions: ensuring required API cloudbuild.googleapis.com is enabled... 
[info] i  artifactregistry: ensuring required API artifactregistry.googleapis.com is enabled... 
[debug] [2025-08-09T20:59:47.574Z] Checked if tokens are valid: true, expires at: 1754775376854
[debug] [2025-08-09T20:59:47.574Z] Checked if tokens are valid: true, expires at: 1754775376854
[debug] [2025-08-09T20:59:47.575Z] >>> [apiv2][query] GET https://firebase.googleapis.com/v1beta1/projects/link-in-bio-fbase-project/adminSdkConfig [none]
[debug] [2025-08-09T20:59:47.879Z] <<< [apiv2][status] GET https://firebase.googleapis.com/v1beta1/projects/link-in-bio-fbase-project/adminSdkConfig 200
[debug] [2025-08-09T20:59:47.879Z] <<< [apiv2][body] GET https://firebase.googleapis.com/v1beta1/projects/link-in-bio-fbase-project/adminSdkConfig {"projectId":"link-in-bio-fbase-project","databaseURL":"https://link-in-bio-fbase-project-default-rtdb.europe-west1.firebasedatabase.app","storageBucket":"link-in-bio-fbase-project.firebasestorage.app"}
[debug] [2025-08-09T20:59:47.880Z] Checked if tokens are valid: true, expires at: 1754775376854
[debug] [2025-08-09T20:59:47.881Z] Checked if tokens are valid: true, expires at: 1754775376854
[debug] [2025-08-09T20:59:47.881Z] >>> [apiv2][query] GET https://runtimeconfig.googleapis.com/v1beta1/projects/link-in-bio-fbase-project/configs [none]
[debug] [2025-08-09T20:59:48.143Z] <<< [apiv2][status] GET https://runtimeconfig.googleapis.com/v1beta1/projects/link-in-bio-fbase-project/configs 200
[debug] [2025-08-09T20:59:48.144Z] <<< [apiv2][body] GET https://runtimeconfig.googleapis.com/v1beta1/projects/link-in-bio-fbase-project/configs {}
[debug] [2025-08-09T20:59:48.148Z] Validating nodejs source
[debug] [2025-08-09T20:59:49.549Z] > [functions] package.json contents: {
  "name": "functions",
  "description": "Cloud Functions for Firebase",
  "scripts": {
    "lint": "eslint .",
    "serve": "firebase emulators:start --only functions",
    "shell": "firebase functions:shell",
    "start": "npm run shell",
    "deploy": "firebase deploy --only functions",
    "logs": "firebase functions:log"
  },
  "engines": {
    "node": "20"
  },
  "main": "index.js",
  "dependencies": {
    "@google/generative-ai": "^0.24.1",
    "bcryptjs": "^2.4.3",
    "cors": "^2.8.5",
    "express": "^4.18.2",
    "firebase-admin": "^13.4.0",
    "firebase-functions": "^6.4.0",
    "jsonwebtoken": "^9.0.2",
    "uuid": "^9.0.0"
  },
  "devDependencies": {
    "eslint": "^8.15.0",
    "eslint-config-google": "^0.14.0",
    "firebase-functions-test": "^3.1.0"
  },
  "private": true
}
[debug] [2025-08-09T20:59:49.550Z] Building nodejs source
[info] i  functions: Loading and analyzing source code for codebase default to determine what to deploy 
[debug] [2025-08-09T20:59:49.553Z] Could not find functions.yaml. Must use http discovery
[debug] [2025-08-09T20:59:49.569Z] Found firebase-functions binary at '/home/kareltestspecial/_testL/link-hub-local-linux/link-hub-local/functions/node_modules/.bin/firebase-functions'
[info] Serving at port 8201

[error] GEMINI_API_KEY is not set. AI features will be disabled.

[debug] [2025-08-09T20:59:51.417Z] Got response from /__/functions.yaml {"endpoints":{"api":{"availableMemoryMb":null,"timeoutSeconds":null,"minInstances":0,"maxInstances":null,"ingressSettings":null,"concurrency":null,"serviceAccountEmail":null,"vpc":null,"platform":"gcfv2","region":["europe-west3"],"secretEnvironmentVariables":[{"key":"GEMINI_API_KEY"},{"key":"JWT_SECRET"}],"labels":{},"httpsTrigger":{},"entryPoint":"api"}},"specVersion":"v1alpha1","requiredAPIs":[],"extensions":{}}
[info] i  extensions: ensuring required API firebaseextensions.googleapis.com is enabled... 
[debug] [2025-08-09T20:59:55.498Z] > command requires scopes: ["email","openid","https://www.googleapis.com/auth/cloudplatformprojects.readonly","https://www.googleapis.com/auth/firebase","https://www.googleapis.com/auth/cloud-platform"]
[debug] [2025-08-09T20:59:55.499Z] > authorizing via signed-in user (karel.test.special@gmail.com)
[debug] [2025-08-09T20:59:55.499Z] [iam] checking project link-in-bio-fbase-project for permissions ["firebase.projects.get","firebaseextensions.instances.list"]
[debug] [2025-08-09T20:59:55.500Z] Checked if tokens are valid: true, expires at: 1754775376854
[debug] [2025-08-09T20:59:55.500Z] Checked if tokens are valid: true, expires at: 1754775376854
[debug] [2025-08-09T20:59:55.500Z] >>> [apiv2][query] POST https://cloudresourcemanager.googleapis.com/v1/projects/link-in-bio-fbase-project:testIamPermissions [none]
[debug] [2025-08-09T20:59:55.500Z] >>> [apiv2][(partial)header] POST https://cloudresourcemanager.googleapis.com/v1/projects/link-in-bio-fbase-project:testIamPermissions x-goog-quota-user=projects/link-in-bio-fbase-project
[debug] [2025-08-09T20:59:55.501Z] >>> [apiv2][body] POST https://cloudresourcemanager.googleapis.com/v1/projects/link-in-bio-fbase-project:testIamPermissions {"permissions":["firebase.projects.get","firebaseextensions.instances.list"]}
[debug] [2025-08-09T20:59:56.121Z] <<< [apiv2][status] POST https://cloudresourcemanager.googleapis.com/v1/projects/link-in-bio-fbase-project:testIamPermissions 200
[debug] [2025-08-09T20:59:56.122Z] <<< [apiv2][body] POST https://cloudresourcemanager.googleapis.com/v1/projects/link-in-bio-fbase-project:testIamPermissions {"permissions":["firebase.projects.get","firebaseextensions.instances.list"]}
[debug] [2025-08-09T20:59:56.123Z] Checked if tokens are valid: true, expires at: 1754775376854
[debug] [2025-08-09T20:59:56.123Z] Checked if tokens are valid: true, expires at: 1754775376854
[debug] [2025-08-09T20:59:56.123Z] >>> [apiv2][query] GET https://firebaseextensions.googleapis.com/v1beta/projects/link-in-bio-fbase-project/instances pageSize=100&pageToken=
[debug] [2025-08-09T20:59:56.915Z] <<< [apiv2][status] GET https://firebaseextensions.googleapis.com/v1beta/projects/link-in-bio-fbase-project/instances 200
[debug] [2025-08-09T20:59:56.915Z] <<< [apiv2][body] GET https://firebaseextensions.googleapis.com/v1beta/projects/link-in-bio-fbase-project/instances {}
[info] i  functions: preparing functions directory for uploading... 
[info] i  functions: packaged /home/kareltestspecial/_testL/link-hub-local-linux/link-hub-local/functions (84.6 KB) for uploading 
[debug] [2025-08-09T20:59:57.283Z] Checked if tokens are valid: true, expires at: 1754775376854
[debug] [2025-08-09T20:59:57.284Z] Checked if tokens are valid: true, expires at: 1754775376854
[debug] [2025-08-09T20:59:57.284Z] >>> [apiv2][query] GET https://cloudfunctions.googleapis.com/v1/projects/link-in-bio-fbase-project/locations/-/functions [none]
[debug] [2025-08-09T20:59:57.870Z] <<< [apiv2][status] GET https://cloudfunctions.googleapis.com/v1/projects/link-in-bio-fbase-project/locations/-/functions 200
[debug] [2025-08-09T20:59:57.871Z] <<< [apiv2][body] GET https://cloudfunctions.googleapis.com/v1/projects/link-in-bio-fbase-project/locations/-/functions {}
[debug] [2025-08-09T20:59:57.873Z] Checked if tokens are valid: true, expires at: 1754775376854
[debug] [2025-08-09T20:59:57.873Z] Checked if tokens are valid: true, expires at: 1754775376854
[debug] [2025-08-09T20:59:57.873Z] >>> [apiv2][query] GET https://cloudfunctions.googleapis.com/v2/projects/link-in-bio-fbase-project/locations/-/functions filter=environment%3D%22GEN_2%22
[debug] [2025-08-09T20:59:58.808Z] <<< [apiv2][status] GET https://cloudfunctions.googleapis.com/v2/projects/link-in-bio-fbase-project/locations/-/functions 200
[debug] [2025-08-09T20:59:58.809Z] <<< [apiv2][body] GET https://cloudfunctions.googleapis.com/v2/projects/link-in-bio-fbase-project/locations/-/functions {"functions":[{"name":"projects/link-in-bio-fbase-project/locations/europe-west3/functions/api","buildConfig":{"build":"projects/671575470699/locations/europe-west3/builds/917d8108-7c56-42af-88e8-21f67bd87823","runtime":"nodejs20","entryPoint":"api","source":{"storageSource":{"bucket":"gcf-v2-sources-671575470699-europe-west3","object":"api/function-source.zip","generation":"1754767934093724"}},"environmentVariables":{"GOOGLE_NODE_RUN_SCRIPTS":""},"dockerRepository":"projects/link-in-bio-fbase-project/locations/europe-west3/repositories/gcf-artifacts","sourceProvenance":{"resolvedStorageSource":{"bucket":"gcf-v2-sources-671575470699-europe-west3","object":"api/function-source.zip","generation":"1754767934093724"}},"dockerRegistry":"ARTIFACT_REGISTRY","serviceAccount":"projects/link-in-bio-fbase-project/serviceAccounts/671575470699-compute@developer.gserviceaccount.com","automaticUpdatePolicy":{}},"serviceConfig":{"service":"projects/link-in-bio-fbase-project/locations/europe-west3/services/api","timeoutSeconds":60,"environmentVariables":{"FIREBASE_CONFIG":"{\"projectId\":\"link-in-bio-fbase-project\",\"databaseURL\":\"https://link-in-bio-fbase-project-default-rtdb.europe-west1.firebasedatabase.app\",\"storageBucket\":\"link-in-bio-fbase-project.firebasestorage.app\"}","GCLOUD_PROJECT":"link-in-bio-fbase-project","EVENTARC_CLOUD_EVENT_SOURCE":"projects/link-in-bio-fbase-project/locations/europe-west3/services/api","FUNCTION_TARGET":"api","LOG_EXECUTION_ID":"true"},"maxInstanceCount":20,"ingressSettings":"ALLOW_ALL","uri":"https://api-y7ly6wb5ka-ey.a.run.app","serviceAccountEmail":"671575470699-compute@developer.gserviceaccount.com","availableMemory":"256Mi","allTrafficOnLatestRevision":true,"secretEnvironmentVariables":[{"key":"GEMINI_API_KEY","projectId":"link-in-bio-fbase-project","secret":"GEMINI_API_KEY","version":"1"},{"key":"JWT_SECRET","projectId":"link-in-bio-fbase-project","secret":"JWT_SECRET","version":"1"}],"revision":"api-00001-naz","maxInstanceRequestConcurrency":80,"availableCpu":"1"},"state":"ACTIVE","updateTime":"2025-08-09T19:33:36.254446939Z","labels":{"deployment-tool":"cli-firebase","firebase-functions-hash":"243f340134786d8a11b6b5b44b776c00c59db272"},"environment":"GEN_2","url":"https://europe-west3-link-in-bio-fbase-project.cloudfunctions.net/api","satisfiesPzs":true,"createTime":"2025-08-09T19:32:14.458463773Z","satisfiesPzi":true}]}
[info] i  functions: ensuring required API run.googleapis.com is enabled... 
[info] i  functions: ensuring required API eventarc.googleapis.com is enabled... 
[info] i  functions: ensuring required API pubsub.googleapis.com is enabled... 
[info] i  functions: ensuring required API storage.googleapis.com is enabled... 
[info] i  functions: generating the service identity for pubsub.googleapis.com... 
[debug] [2025-08-09T20:59:58.821Z] Checked if tokens are valid: true, expires at: 1754775376854
[debug] [2025-08-09T20:59:58.822Z] Checked if tokens are valid: true, expires at: 1754775376854
[info] i  functions: generating the service identity for eventarc.googleapis.com... 
[debug] [2025-08-09T20:59:58.822Z] Checked if tokens are valid: true, expires at: 1754775376854
[debug] [2025-08-09T20:59:58.822Z] Checked if tokens are valid: true, expires at: 1754775376854
[debug] [2025-08-09T20:59:58.823Z] >>> [apiv2][query] POST https://serviceusage.googleapis.com/v1beta1/projects/671575470699/services/pubsub.googleapis.com:generateServiceIdentity [none]
[debug] [2025-08-09T20:59:58.823Z] >>> [apiv2][(partial)header] POST https://serviceusage.googleapis.com/v1beta1/projects/671575470699/services/pubsub.googleapis.com:generateServiceIdentity x-goog-quota-user=projects/671575470699
[debug] [2025-08-09T20:59:58.823Z] >>> [apiv2][body] POST https://serviceusage.googleapis.com/v1beta1/projects/671575470699/services/pubsub.googleapis.com:generateServiceIdentity {}
[debug] [2025-08-09T20:59:58.828Z] >>> [apiv2][query] POST https://serviceusage.googleapis.com/v1beta1/projects/671575470699/services/eventarc.googleapis.com:generateServiceIdentity [none]
[debug] [2025-08-09T20:59:58.828Z] >>> [apiv2][(partial)header] POST https://serviceusage.googleapis.com/v1beta1/projects/671575470699/services/eventarc.googleapis.com:generateServiceIdentity x-goog-quota-user=projects/671575470699
[debug] [2025-08-09T20:59:58.828Z] >>> [apiv2][body] POST https://serviceusage.googleapis.com/v1beta1/projects/671575470699/services/eventarc.googleapis.com:generateServiceIdentity {}
[debug] [2025-08-09T20:59:59.697Z] <<< [apiv2][status] POST https://serviceusage.googleapis.com/v1beta1/projects/671575470699/services/pubsub.googleapis.com:generateServiceIdentity 200
[debug] [2025-08-09T20:59:59.697Z] <<< [apiv2][body] POST https://serviceusage.googleapis.com/v1beta1/projects/671575470699/services/pubsub.googleapis.com:generateServiceIdentity {"name":"operations/finished.DONE_OPERATION","done":true,"response":{"@type":"type.googleapis.com/google.api.serviceusage.v1beta1.ServiceIdentity","email":"service-671575470699@gcp-sa-pubsub.iam.gserviceaccount.com","uniqueId":"101660013626715148087"}}
[debug] [2025-08-09T20:59:59.701Z] <<< [apiv2][status] POST https://serviceusage.googleapis.com/v1beta1/projects/671575470699/services/eventarc.googleapis.com:generateServiceIdentity 200
[debug] [2025-08-09T20:59:59.702Z] <<< [apiv2][body] POST https://serviceusage.googleapis.com/v1beta1/projects/671575470699/services/eventarc.googleapis.com:generateServiceIdentity {"name":"operations/finished.DONE_OPERATION","done":true,"response":{"@type":"type.googleapis.com/google.api.serviceusage.v1beta1.ServiceIdentity","email":"service-671575470699@gcp-sa-eventarc.iam.gserviceaccount.com","uniqueId":"115189916238505818298"}}
[info] i  functions: ensuring required API secretmanager.googleapis.com is enabled... 
[debug] [2025-08-09T20:59:59.708Z] Checked if tokens are valid: true, expires at: 1754775376854
[debug] [2025-08-09T20:59:59.709Z] Checked if tokens are valid: true, expires at: 1754775376854
[debug] [2025-08-09T20:59:59.709Z] Checked if tokens are valid: true, expires at: 1754775376854
[debug] [2025-08-09T20:59:59.709Z] Checked if tokens are valid: true, expires at: 1754775376854
[debug] [2025-08-09T20:59:59.710Z] >>> [apiv2][query] GET https://secretmanager.googleapis.com/v1/projects/link-in-bio-fbase-project/secrets/GEMINI_API_KEY/versions/latest [none]
[debug] [2025-08-09T20:59:59.715Z] >>> [apiv2][query] GET https://secretmanager.googleapis.com/v1/projects/link-in-bio-fbase-project/secrets/JWT_SECRET/versions/latest [none]
[debug] [2025-08-09T20:59:59.979Z] <<< [apiv2][status] GET https://secretmanager.googleapis.com/v1/projects/link-in-bio-fbase-project/secrets/GEMINI_API_KEY/versions/latest 200
[debug] [2025-08-09T20:59:59.979Z] <<< [apiv2][body] GET https://secretmanager.googleapis.com/v1/projects/link-in-bio-fbase-project/secrets/GEMINI_API_KEY/versions/latest {"name":"projects/671575470699/secrets/GEMINI_API_KEY/versions/1","createTime":"2025-08-09T19:28:40.093628Z","state":"ENABLED","replicationStatus":{"automatic":{}},"etag":"\"163bf3b29e97bc\"","clientSpecifiedPayloadChecksum":true}
[debug] [2025-08-09T20:59:59.980Z] Resolved secret version of GEMINI_API_KEY to 1.
[debug] [2025-08-09T20:59:59.983Z] <<< [apiv2][status] GET https://secretmanager.googleapis.com/v1/projects/link-in-bio-fbase-project/secrets/JWT_SECRET/versions/latest 200
[debug] [2025-08-09T20:59:59.983Z] <<< [apiv2][body] GET https://secretmanager.googleapis.com/v1/projects/link-in-bio-fbase-project/secrets/JWT_SECRET/versions/latest {"name":"projects/671575470699/secrets/JWT_SECRET/versions/1","createTime":"2025-08-09T19:29:44.612343Z","state":"ENABLED","replicationStatus":{"automatic":{}},"etag":"\"163bf3b67711f7\"","clientSpecifiedPayloadChecksum":true}
[debug] [2025-08-09T20:59:59.984Z] Resolved secret version of JWT_SECRET to 1.
[debug] [2025-08-09T20:59:59.986Z] Checked if tokens are valid: true, expires at: 1754775376854
[debug] [2025-08-09T20:59:59.986Z] Checked if tokens are valid: true, expires at: 1754775376854
[debug] [2025-08-09T20:59:59.986Z] >>> [apiv2][query] GET https://cloudresourcemanager.googleapis.com/v1/projects/link-in-bio-fbase-project [none]
[debug] [2025-08-09T21:00:00.189Z] <<< [apiv2][status] GET https://cloudresourcemanager.googleapis.com/v1/projects/link-in-bio-fbase-project 200
[debug] [2025-08-09T21:00:00.189Z] <<< [apiv2][body] GET https://cloudresourcemanager.googleapis.com/v1/projects/link-in-bio-fbase-project {"projectNumber":"671575470699","projectId":"link-in-bio-fbase-project","lifecycleState":"ACTIVE","name":"link-in-bio-fbase-project","labels":{"firebase":"enabled","firebase-core":"disabled","generative-language":"enabled"},"createTime":"2025-08-09T17:41:21.980327Z"}
[debug] [2025-08-09T21:00:00.190Z] Checked if tokens are valid: true, expires at: 1754775376854
[debug] [2025-08-09T21:00:00.190Z] Checked if tokens are valid: true, expires at: 1754775376854
[debug] [2025-08-09T21:00:00.190Z] >>> [apiv2][query] GET https://compute.googleapis.com/compute/v1/projects/671575470699 [none]
[debug] [2025-08-09T21:00:00.380Z] <<< [apiv2][status] GET https://compute.googleapis.com/compute/v1/projects/671575470699 403
[debug] [2025-08-09T21:00:00.380Z] <<< [apiv2][body] GET https://compute.googleapis.com/compute/v1/projects/671575470699 {"error":{"code":403,"message":"Compute Engine API has not been used in project 671575470699 before or it is disabled. Enable it by visiting https://console.developers.google.com/apis/api/compute.googleapis.com/overview?project=671575470699 then retry. If you enabled this API recently, wait a few minutes for the action to propagate to our systems and retry.","errors":[{"message":"Compute Engine API has not been used in project 671575470699 before or it is disabled. Enable it by visiting https://console.developers.google.com/apis/api/compute.googleapis.com/overview?project=671575470699 then retry. If you enabled this API recently, wait a few minutes for the action to propagate to our systems and retry.","domain":"usageLimits","reason":"accessNotConfigured","extendedHelp":"https://console.developers.google.com"}],"status":"PERMISSION_DENIED","details":[{"@type":"type.googleapis.com/google.rpc.ErrorInfo","reason":"SERVICE_DISABLED","domain":"googleapis.com","metadata":{"activationUrl":"https://console.developers.google.com/apis/api/compute.googleapis.com/overview?project=671575470699","service":"compute.googleapis.com","containerInfo":"671575470699","consumer":"projects/671575470699","serviceTitle":"Compute Engine API"}},{"@type":"type.googleapis.com/google.rpc.LocalizedMessage","locale":"en-US","message":"Compute Engine API has not been used in project 671575470699 before or it is disabled. Enable it by visiting https://console.developers.google.com/apis/api/compute.googleapis.com/overview?project=671575470699 then retry. If you enabled this API recently, wait a few minutes for the action to propagate to our systems and retry."},{"@type":"type.googleapis.com/google.rpc.Help","links":[{"description":"Google developers console API activation","url":"https://console.developers.google.com/apis/api/compute.googleapis.com/overview?project=671575470699"}]}]}}
[debug] [2025-08-09T21:00:00.382Z] unable to look up default compute service account. Falling back to 671575470699-compute@developer.gserviceaccount.com. Error: {"name":"FirebaseError","children":[],"context":{"body":{"error":{"code":403,"message":"Compute Engine API has not been used in project 671575470699 before or it is disabled. Enable it by visiting https://console.developers.google.com/apis/api/compute.googleapis.com/overview?project=671575470699 then retry. If you enabled this API recently, wait a few minutes for the action to propagate to our systems and retry.","errors":[{"message":"Compute Engine API has not been used in project 671575470699 before or it is disabled. Enable it by visiting https://console.developers.google.com/apis/api/compute.googleapis.com/overview?project=671575470699 then retry. If you enabled this API recently, wait a few minutes for the action to propagate to our systems and retry.","domain":"usageLimits","reason":"accessNotConfigured","extendedHelp":"https://console.developers.google.com"}],"status":"PERMISSION_DENIED","details":[{"@type":"type.googleapis.com/google.rpc.ErrorInfo","reason":"SERVICE_DISABLED","domain":"googleapis.com","metadata":{"activationUrl":"https://console.developers.google.com/apis/api/compute.googleapis.com/overview?project=671575470699","service":"compute.googleapis.com","containerInfo":"671575470699","consumer":"projects/671575470699","serviceTitle":"Compute Engine API"}},{"@type":"type.googleapis.com/google.rpc.LocalizedMessage","locale":"en-US","message":"Compute Engine API has not been used in project 671575470699 before or it is disabled. Enable it by visiting https://console.developers.google.com/apis/api/compute.googleapis.com/overview?project=671575470699 then retry. If you enabled this API recently, wait a few minutes for the action to propagate to our systems and retry."},{"@type":"type.googleapis.com/google.rpc.Help","links":[{"description":"Google developers console API activation","url":"https://console.developers.google.com/apis/api/compute.googleapis.com/overview?project=671575470699"}]}]}},"response":{"statusCode":403}},"exit":1,"message":"Request to https://compute.googleapis.com/compute/v1/projects/671575470699 had HTTP Error: 403, Compute Engine API has not been used in project 671575470699 before or it is disabled. Enable it by visiting https://console.developers.google.com/apis/api/compute.googleapis.com/overview?project=671575470699 then retry. If you enabled this API recently, wait a few minutes for the action to propagate to our systems and retry.","status":403}
[debug] [2025-08-09T21:00:00.384Z] Checked if tokens are valid: true, expires at: 1754775376854
[debug] [2025-08-09T21:00:00.384Z] Checked if tokens are valid: true, expires at: 1754775376854
[debug] [2025-08-09T21:00:00.385Z] >>> [apiv2][query] GET https://cloudbilling.googleapis.com/v1/projects/link-in-bio-fbase-project/billingInfo [none]
[debug] [2025-08-09T21:00:00.889Z] <<< [apiv2][status] GET https://cloudbilling.googleapis.com/v1/projects/link-in-bio-fbase-project/billingInfo 200
[debug] [2025-08-09T21:00:00.889Z] <<< [apiv2][body] GET https://cloudbilling.googleapis.com/v1/projects/link-in-bio-fbase-project/billingInfo {"name":"projects/link-in-bio-fbase-project/billingInfo","projectId":"link-in-bio-fbase-project","billingAccountName":"billingAccounts/01FA68-2EAB7B-91F157","billingEnabled":true}
[debug] [2025-08-09T21:00:00.893Z] Checked if tokens are valid: true, expires at: 1754775376854
[debug] [2025-08-09T21:00:00.894Z] Checked if tokens are valid: true, expires at: 1754775376854
[debug] [2025-08-09T21:00:00.894Z] >>> [apiv2][query] POST https://cloudfunctions.googleapis.com/v2/projects/link-in-bio-fbase-project/locations/europe-west3/functions:generateUploadUrl [none]
[debug] [2025-08-09T21:00:01.091Z] <<< [apiv2][status] POST https://cloudfunctions.googleapis.com/v2/projects/link-in-bio-fbase-project/locations/europe-west3/functions:generateUploadUrl 200
[debug] [2025-08-09T21:00:01.092Z] <<< [apiv2][body] POST https://cloudfunctions.googleapis.com/v2/projects/link-in-bio-fbase-project/locations/europe-west3/functions:generateUploadUrl {"uploadUrl":"https://storage.googleapis.com/gcf-v2-uploads-671575470699.europe-west3.cloudfunctions.appspot.com/d5f4948d-0bd0-46ba-8f07-bc3bdd1abaa4.zip?GoogleAccessId=service-671575470699@gcf-admin-robot.iam.gserviceaccount.com&Expires=1754775002&Signature=SNdQyfuywzmCjtaY1pxjp2Wn1e9TZE8s3K3bmEq84IzICK2JQy5OytwaZ0HeC6mgsaUxuO%2FLDlfwRCJa6t9kjVrp5oUzGA2OSjsdHuw7Sod953iybwQaeSldtrAxuUzy%2FSm%2BUuvS1eoP3j22tI%2BCuCCl8GJdpebgerEIJfxDIPrMGONt47gYLPSOPrqDsus3zR4EjKGrUrRe%2F3tTg3xsaLBtma6u9dGiEkno9l6j4KFDl7vtHMU%2FRCrGaebWer4p6oHOjZx3%2B5SlHXPNae5efSCTVOYAHvhnn%2BbitcFRZR4eUOzCv0%2FxO%2B1Iw7DuTUUNOBkE4N3hFyrR4npF0vRvFA%3D%3D","storageSource":{"bucket":"gcf-v2-uploads-671575470699.europe-west3.cloudfunctions.appspot.com","object":"d5f4948d-0bd0-46ba-8f07-bc3bdd1abaa4.zip"}}
[debug] [2025-08-09T21:00:01.096Z] >>> [apiv2][query] PUT https://storage.googleapis.com/gcf-v2-uploads-671575470699.europe-west3.cloudfunctions.appspot.com/d5f4948d-0bd0-46ba-8f07-bc3bdd1abaa4.zip GoogleAccessId=service-671575470699%40gcf-admin-robot.iam.gserviceaccount.com&Expires=1754775002&Signature=SNdQyfuywzmCjtaY1pxjp2Wn1e9TZE8s3K3bmEq84IzICK2JQy5OytwaZ0HeC6mgsaUxuO%2FLDlfwRCJa6t9kjVrp5oUzGA2OSjsdHuw7Sod953iybwQaeSldtrAxuUzy%2FSm%2BUuvS1eoP3j22tI%2BCuCCl8GJdpebgerEIJfxDIPrMGONt47gYLPSOPrqDsus3zR4EjKGrUrRe%2F3tTg3xsaLBtma6u9dGiEkno9l6j4KFDl7vtHMU%2FRCrGaebWer4p6oHOjZx3%2B5SlHXPNae5efSCTVOYAHvhnn%2BbitcFRZR4eUOzCv0%2FxO%2B1Iw7DuTUUNOBkE4N3hFyrR4npF0vRvFA%3D%3D
[debug] [2025-08-09T21:00:01.096Z] >>> [apiv2][body] PUT https://storage.googleapis.com/gcf-v2-uploads-671575470699.europe-west3.cloudfunctions.appspot.com/d5f4948d-0bd0-46ba-8f07-bc3bdd1abaa4.zip [stream]
[debug] [2025-08-09T21:00:01.381Z] <<< [apiv2][status] PUT https://storage.googleapis.com/gcf-v2-uploads-671575470699.europe-west3.cloudfunctions.appspot.com/d5f4948d-0bd0-46ba-8f07-bc3bdd1abaa4.zip 200
[debug] [2025-08-09T21:00:01.383Z] <<< [apiv2][body] PUT https://storage.googleapis.com/gcf-v2-uploads-671575470699.europe-west3.cloudfunctions.appspot.com/d5f4948d-0bd0-46ba-8f07-bc3bdd1abaa4.zip [omitted]
[info] ✔  functions: functions folder uploaded successfully 
[info] i  functions: updating Node.js 20 (2nd Gen) function api(europe-west3)... 
[debug] [2025-08-09T21:00:01.395Z] Checked if tokens are valid: true, expires at: 1754775376854
[debug] [2025-08-09T21:00:01.395Z] Checked if tokens are valid: true, expires at: 1754775376854
[debug] [2025-08-09T21:00:01.398Z] >>> [apiv2][query] PATCH https://cloudfunctions.googleapis.com/v2/projects/link-in-bio-fbase-project/locations/europe-west3/functions/api updateMask=name%2CbuildConfig.runtime%2CbuildConfig.entryPoint%2CbuildConfig.source.storageSource.bucket%2CbuildConfig.source.storageSource.object%2CbuildConfig.environmentVariables%2CbuildConfig.sourceToken%2CserviceConfig.environmentVariables%2CserviceConfig.secretEnvironmentVariables%2CserviceConfig.ingressSettings%2CserviceConfig.timeoutSeconds%2CserviceConfig.serviceAccountEmail%2CserviceConfig.availableMemory%2CserviceConfig.minInstanceCount%2CserviceConfig.maxInstanceCount%2CserviceConfig.maxInstanceRequestConcurrency%2CserviceConfig.availableCpu%2CserviceConfig.vpcConnector%2CserviceConfig.vpcConnectorEgressSettings%2Clabels
[debug] [2025-08-09T21:00:01.398Z] >>> [apiv2][body] PATCH https://cloudfunctions.googleapis.com/v2/projects/link-in-bio-fbase-project/locations/europe-west3/functions/api {"name":"projects/link-in-bio-fbase-project/locations/europe-west3/functions/api","buildConfig":{"runtime":"nodejs20","entryPoint":"api","source":{"storageSource":{"bucket":"gcf-v2-uploads-671575470699.europe-west3.cloudfunctions.appspot.com","object":"d5f4948d-0bd0-46ba-8f07-bc3bdd1abaa4.zip"}},"environmentVariables":{"GOOGLE_NODE_RUN_SCRIPTS":""}},"serviceConfig":{"environmentVariables":{"FIREBASE_CONFIG":"{\"projectId\":\"link-in-bio-fbase-project\",\"databaseURL\":\"https://link-in-bio-fbase-project-default-rtdb.europe-west1.firebasedatabase.app\",\"storageBucket\":\"link-in-bio-fbase-project.firebasestorage.app\"}","GCLOUD_PROJECT":"link-in-bio-fbase-project","EVENTARC_CLOUD_EVENT_SOURCE":"projects/link-in-bio-fbase-project/locations/europe-west3/services/api","FUNCTION_TARGET":"api","LOG_EXECUTION_ID":"true"},"secretEnvironmentVariables":[{"key":"GEMINI_API_KEY","secret":"GEMINI_API_KEY","projectId":"link-in-bio-fbase-project","version":"1"},{"key":"JWT_SECRET","secret":"JWT_SECRET","projectId":"link-in-bio-fbase-project","version":"1"}],"ingressSettings":null,"timeoutSeconds":null,"serviceAccountEmail":null,"availableMemory":"256Mi","minInstanceCount":0,"maxInstanceCount":null,"maxInstanceRequestConcurrency":80,"availableCpu":"1","vpcConnector":null,"vpcConnectorEgressSettings":null},"labels":{"deployment-tool":"cli-firebase","firebase-functions-hash":"df7a9069981ed9f120e08f0bf5b05ade04dd0a5d"}}
[debug] [2025-08-09T21:00:02.426Z] <<< [apiv2][status] PATCH https://cloudfunctions.googleapis.com/v2/projects/link-in-bio-fbase-project/locations/europe-west3/functions/api 200
[debug] [2025-08-09T21:00:02.427Z] <<< [apiv2][body] PATCH https://cloudfunctions.googleapis.com/v2/projects/link-in-bio-fbase-project/locations/europe-west3/functions/api {"name":"projects/link-in-bio-fbase-project/locations/europe-west3/operations/operation-1754773202593-63bf4f966e530-e1bea078-765e837b","metadata":{"@type":"type.googleapis.com/google.cloud.functions.v2.OperationMetadata","createTime":"2025-08-09T21:00:03.481825957Z","target":"projects/link-in-bio-fbase-project/locations/europe-west3/functions/api","verb":"update","cancelRequested":false,"apiVersion":"v2"},"done":false}
[debug] [2025-08-09T21:00:02.429Z] Checked if tokens are valid: true, expires at: 1754775376854
[debug] [2025-08-09T21:00:02.429Z] Checked if tokens are valid: true, expires at: 1754775376854
[debug] [2025-08-09T21:00:02.429Z] >>> [apiv2][query] GET https://cloudfunctions.googleapis.com/v2/projects/link-in-bio-fbase-project/locations/europe-west3/operations/operation-1754773202593-63bf4f966e530-e1bea078-765e837b [none]
[debug] [2025-08-09T21:00:02.540Z] <<< [apiv2][status] GET https://cloudfunctions.googleapis.com/v2/projects/link-in-bio-fbase-project/locations/europe-west3/operations/operation-1754773202593-63bf4f966e530-e1bea078-765e837b 200
[debug] [2025-08-09T21:00:02.541Z] <<< [apiv2][body] GET https://cloudfunctions.googleapis.com/v2/projects/link-in-bio-fbase-project/locations/europe-west3/operations/operation-1754773202593-63bf4f966e530-e1bea078-765e837b {"name":"projects/link-in-bio-fbase-project/locations/europe-west3/operations/operation-1754773202593-63bf4f966e530-e1bea078-765e837b","metadata":{"@type":"type.googleapis.com/google.cloud.functions.v2.OperationMetadata","createTime":"2025-08-09T21:00:03.481825957Z","target":"projects/link-in-bio-fbase-project/locations/europe-west3/functions/api","verb":"update","cancelRequested":false,"apiVersion":"v2","requestResource":{"@type":"type.googleapis.com/google.cloud.functions.v2.Function","name":"projects/link-in-bio-fbase-project/locations/europe-west3/functions/api","buildConfig":{"runtime":"nodejs20","entryPoint":"api","source":{"storageSource":{"bucket":"gcf-v2-sources-671575470699-europe-west3","object":"api/function-source.zip","generation":"1754773203439560"}},"environmentVariables":{"GOOGLE_NODE_RUN_SCRIPTS":""},"dockerRepository":"projects/link-in-bio-fbase-project/locations/europe-west3/repositories/gcf-artifacts","sourceProvenance":{"resolvedStorageSource":{"bucket":"gcf-v2-sources-671575470699-europe-west3","object":"api/function-source.zip","generation":"1754767934093724"}},"dockerRegistry":"ARTIFACT_REGISTRY","serviceAccount":"projects/link-in-bio-fbase-project/serviceAccounts/671575470699-compute@developer.gserviceaccount.com","automaticUpdatePolicy":{}},"serviceConfig":{"service":"projects/link-in-bio-fbase-project/locations/europe-west3/services/api","timeoutSeconds":60,"environmentVariables":{"FIREBASE_CONFIG":"{\"projectId\":\"link-in-bio-fbase-project\",\"databaseURL\":\"https://link-in-bio-fbase-project-default-rtdb.europe-west1.firebasedatabase.app\",\"storageBucket\":\"link-in-bio-fbase-project.firebasestorage.app\"}","GCLOUD_PROJECT":"link-in-bio-fbase-project","EVENTARC_CLOUD_EVENT_SOURCE":"projects/link-in-bio-fbase-project/locations/europe-west3/services/api","FUNCTION_TARGET":"api","LOG_EXECUTION_ID":"true"},"ingressSettings":"ALLOW_ALL","uri":"https://api-y7ly6wb5ka-ey.a.run.app","serviceAccountEmail":"671575470699-compute@developer.gserviceaccount.com","availableMemory":"256Mi","allTrafficOnLatestRevision":true,"secretEnvironmentVariables":[{"key":"GEMINI_API_KEY","projectId":"link-in-bio-fbase-project","secret":"GEMINI_API_KEY","version":"1"},{"key":"JWT_SECRET","projectId":"link-in-bio-fbase-project","secret":"JWT_SECRET","version":"1"}],"revision":"api-00001-naz","maxInstanceRequestConcurrency":80,"availableCpu":"1"},"state":"ACTIVE","labels":{"deployment-tool":"cli-firebase","firebase-functions-hash":"df7a9069981ed9f120e08f0bf5b05ade04dd0a5d"},"environment":"GEN_2","url":"https://europe-west3-link-in-bio-fbase-project.cloudfunctions.net/api","satisfiesPzs":true,"satisfiesPzi":true},"stages":[{"name":"BUILD","state":"NOT_STARTED"},{"name":"SERVICE","state":"NOT_STARTED"}],"operationType":"UPDATE_FUNCTION"},"done":false}
[debug] [2025-08-09T21:00:03.046Z] [update-default-europe-west3-api] Retrying task index 0
[debug] [2025-08-09T21:00:03.047Z] Checked if tokens are valid: true, expires at: 1754775376854
[debug] [2025-08-09T21:00:03.047Z] Checked if tokens are valid: true, expires at: 1754775376854
[debug] [2025-08-09T21:00:03.047Z] >>> [apiv2][query] GET https://cloudfunctions.googleapis.com/v2/projects/link-in-bio-fbase-project/locations/europe-west3/operations/operation-1754773202593-63bf4f966e530-e1bea078-765e837b [none]
[debug] [2025-08-09T21:00:03.166Z] <<< [apiv2][status] GET https://cloudfunctions.googleapis.com/v2/projects/link-in-bio-fbase-project/locations/europe-west3/operations/operation-1754773202593-63bf4f966e530-e1bea078-765e837b 200
[debug] [2025-08-09T21:00:03.167Z] <<< [apiv2][body] GET https://cloudfunctions.googleapis.com/v2/projects/link-in-bio-fbase-project/locations/europe-west3/operations/operation-1754773202593-63bf4f966e530-e1bea078-765e837b {"name":"projects/link-in-bio-fbase-project/locations/europe-west3/operations/operation-1754773202593-63bf4f966e530-e1bea078-765e837b","metadata":{"@type":"type.googleapis.com/google.cloud.functions.v2.OperationMetadata","createTime":"2025-08-09T21:00:03.481825957Z","target":"projects/link-in-bio-fbase-project/locations/europe-west3/functions/api","verb":"update","cancelRequested":false,"apiVersion":"v2","requestResource":{"@type":"type.googleapis.com/google.cloud.functions.v2.Function","name":"projects/link-in-bio-fbase-project/locations/europe-west3/functions/api","buildConfig":{"runtime":"nodejs20","entryPoint":"api","source":{"storageSource":{"bucket":"gcf-v2-sources-671575470699-europe-west3","object":"api/function-source.zip","generation":"1754773203439560"}},"environmentVariables":{"GOOGLE_NODE_RUN_SCRIPTS":""},"dockerRepository":"projects/link-in-bio-fbase-project/locations/europe-west3/repositories/gcf-artifacts","sourceProvenance":{"resolvedStorageSource":{"bucket":"gcf-v2-sources-671575470699-europe-west3","object":"api/function-source.zip","generation":"1754767934093724"}},"dockerRegistry":"ARTIFACT_REGISTRY","serviceAccount":"projects/link-in-bio-fbase-project/serviceAccounts/671575470699-compute@developer.gserviceaccount.com","automaticUpdatePolicy":{}},"serviceConfig":{"service":"projects/link-in-bio-fbase-project/locations/europe-west3/services/api","timeoutSeconds":60,"environmentVariables":{"FIREBASE_CONFIG":"{\"projectId\":\"link-in-bio-fbase-project\",\"databaseURL\":\"https://link-in-bio-fbase-project-default-rtdb.europe-west1.firebasedatabase.app\",\"storageBucket\":\"link-in-bio-fbase-project.firebasestorage.app\"}","GCLOUD_PROJECT":"link-in-bio-fbase-project","EVENTARC_CLOUD_EVENT_SOURCE":"projects/link-in-bio-fbase-project/locations/europe-west3/services/api","FUNCTION_TARGET":"api","LOG_EXECUTION_ID":"true"},"ingressSettings":"ALLOW_ALL","uri":"https://api-y7ly6wb5ka-ey.a.run.app","serviceAccountEmail":"671575470699-compute@developer.gserviceaccount.com","availableMemory":"256Mi","allTrafficOnLatestRevision":true,"secretEnvironmentVariables":[{"key":"GEMINI_API_KEY","projectId":"link-in-bio-fbase-project","secret":"GEMINI_API_KEY","version":"1"},{"key":"JWT_SECRET","projectId":"link-in-bio-fbase-project","secret":"JWT_SECRET","version":"1"}],"revision":"api-00001-naz","maxInstanceRequestConcurrency":80,"availableCpu":"1"},"state":"ACTIVE","labels":{"deployment-tool":"cli-firebase","firebase-functions-hash":"df7a9069981ed9f120e08f0bf5b05ade04dd0a5d"},"environment":"GEN_2","url":"https://europe-west3-link-in-bio-fbase-project.cloudfunctions.net/api","satisfiesPzs":true,"satisfiesPzi":true},"stages":[{"name":"BUILD","state":"NOT_STARTED"},{"name":"SERVICE","state":"NOT_STARTED"}],"operationType":"UPDATE_FUNCTION"},"done":false}
[debug] [2025-08-09T21:00:04.170Z] [update-default-europe-west3-api] Retrying task index 0
[debug] [2025-08-09T21:00:04.171Z] Checked if tokens are valid: true, expires at: 1754775376854
[debug] [2025-08-09T21:00:04.172Z] Checked if tokens are valid: true, expires at: 1754775376854
[debug] [2025-08-09T21:00:04.173Z] >>> [apiv2][query] GET https://cloudfunctions.googleapis.com/v2/projects/link-in-bio-fbase-project/locations/europe-west3/operations/operation-1754773202593-63bf4f966e530-e1bea078-765e837b [none]
[debug] [2025-08-09T21:00:04.293Z] <<< [apiv2][status] GET https://cloudfunctions.googleapis.com/v2/projects/link-in-bio-fbase-project/locations/europe-west3/operations/operation-1754773202593-63bf4f966e530-e1bea078-765e837b 200
[debug] [2025-08-09T21:00:04.293Z] <<< [apiv2][body] GET https://cloudfunctions.googleapis.com/v2/projects/link-in-bio-fbase-project/locations/europe-west3/operations/operation-1754773202593-63bf4f966e530-e1bea078-765e837b {"name":"projects/link-in-bio-fbase-project/locations/europe-west3/operations/operation-1754773202593-63bf4f966e530-e1bea078-765e837b","metadata":{"@type":"type.googleapis.com/google.cloud.functions.v2.OperationMetadata","createTime":"2025-08-09T21:00:03.481825957Z","target":"projects/link-in-bio-fbase-project/locations/europe-west3/functions/api","verb":"update","cancelRequested":false,"apiVersion":"v2","requestResource":{"@type":"type.googleapis.com/google.cloud.functions.v2.Function","name":"projects/link-in-bio-fbase-project/locations/europe-west3/functions/api","buildConfig":{"runtime":"nodejs20","entryPoint":"api","source":{"storageSource":{"bucket":"gcf-v2-sources-671575470699-europe-west3","object":"api/function-source.zip","generation":"1754773203439560"}},"environmentVariables":{"GOOGLE_NODE_RUN_SCRIPTS":""},"dockerRepository":"projects/link-in-bio-fbase-project/locations/europe-west3/repositories/gcf-artifacts","sourceProvenance":{"resolvedStorageSource":{"bucket":"gcf-v2-sources-671575470699-europe-west3","object":"api/function-source.zip","generation":"1754767934093724"}},"dockerRegistry":"ARTIFACT_REGISTRY","serviceAccount":"projects/link-in-bio-fbase-project/serviceAccounts/671575470699-compute@developer.gserviceaccount.com","automaticUpdatePolicy":{}},"serviceConfig":{"service":"projects/link-in-bio-fbase-project/locations/europe-west3/services/api","timeoutSeconds":60,"environmentVariables":{"FIREBASE_CONFIG":"{\"projectId\":\"link-in-bio-fbase-project\",\"databaseURL\":\"https://link-in-bio-fbase-project-default-rtdb.europe-west1.firebasedatabase.app\",\"storageBucket\":\"link-in-bio-fbase-project.firebasestorage.app\"}","GCLOUD_PROJECT":"link-in-bio-fbase-project","EVENTARC_CLOUD_EVENT_SOURCE":"projects/link-in-bio-fbase-project/locations/europe-west3/services/api","FUNCTION_TARGET":"api","LOG_EXECUTION_ID":"true"},"ingressSettings":"ALLOW_ALL","uri":"https://api-y7ly6wb5ka-ey.a.run.app","serviceAccountEmail":"671575470699-compute@developer.gserviceaccount.com","availableMemory":"256Mi","allTrafficOnLatestRevision":true,"secretEnvironmentVariables":[{"key":"GEMINI_API_KEY","projectId":"link-in-bio-fbase-project","secret":"GEMINI_API_KEY","version":"1"},{"key":"JWT_SECRET","projectId":"link-in-bio-fbase-project","secret":"JWT_SECRET","version":"1"}],"revision":"api-00001-naz","maxInstanceRequestConcurrency":80,"availableCpu":"1"},"state":"ACTIVE","labels":{"deployment-tool":"cli-firebase","firebase-functions-hash":"df7a9069981ed9f120e08f0bf5b05ade04dd0a5d"},"environment":"GEN_2","url":"https://europe-west3-link-in-bio-fbase-project.cloudfunctions.net/api","satisfiesPzs":true,"satisfiesPzi":true},"stages":[{"name":"BUILD","message":"Build in progress","state":"IN_PROGRESS","resource":"projects/671575470699/locations/europe-west3/builds/de2cce79-1c03-4ca4-9cb3-de53f54529c3","resourceUri":"https://console.cloud.google.com/cloud-build/builds;region=europe-west3/de2cce79-1c03-4ca4-9cb3-de53f54529c3?project=671575470699"},{"name":"SERVICE","state":"NOT_STARTED"}],"operationType":"UPDATE_FUNCTION","buildName":"projects/671575470699/locations/europe-west3/builds/de2cce79-1c03-4ca4-9cb3-de53f54529c3"},"done":false}
[debug] [2025-08-09T21:00:06.294Z] [update-default-europe-west3-api] Retrying task index 0
[debug] [2025-08-09T21:00:06.295Z] Checked if tokens are valid: true, expires at: 1754775376854
[debug] [2025-08-09T21:00:06.296Z] Checked if tokens are valid: true, expires at: 1754775376854
[debug] [2025-08-09T21:00:06.296Z] >>> [apiv2][query] GET https://cloudfunctions.googleapis.com/v2/projects/link-in-bio-fbase-project/locations/europe-west3/operations/operation-1754773202593-63bf4f966e530-e1bea078-765e837b [none]
[debug] [2025-08-09T21:00:06.380Z] <<< [apiv2][status] GET https://cloudfunctions.googleapis.com/v2/projects/link-in-bio-fbase-project/locations/europe-west3/operations/operation-1754773202593-63bf4f966e530-e1bea078-765e837b 200
[debug] [2025-08-09T21:00:06.382Z] <<< [apiv2][body] GET https://cloudfunctions.googleapis.com/v2/projects/link-in-bio-fbase-project/locations/europe-west3/operations/operation-1754773202593-63bf4f966e530-e1bea078-765e837b {"name":"projects/link-in-bio-fbase-project/locations/europe-west3/operations/operation-1754773202593-63bf4f966e530-e1bea078-765e837b","metadata":{"@type":"type.googleapis.com/google.cloud.functions.v2.OperationMetadata","createTime":"2025-08-09T21:00:03.481825957Z","target":"projects/link-in-bio-fbase-project/locations/europe-west3/functions/api","verb":"update","cancelRequested":false,"apiVersion":"v2","requestResource":{"@type":"type.googleapis.com/google.cloud.functions.v2.Function","name":"projects/link-in-bio-fbase-project/locations/europe-west3/functions/api","buildConfig":{"runtime":"nodejs20","entryPoint":"api","source":{"storageSource":{"bucket":"gcf-v2-sources-671575470699-europe-west3","object":"api/function-source.zip","generation":"1754773203439560"}},"environmentVariables":{"GOOGLE_NODE_RUN_SCRIPTS":""},"dockerRepository":"projects/link-in-bio-fbase-project/locations/europe-west3/repositories/gcf-artifacts","sourceProvenance":{"resolvedStorageSource":{"bucket":"gcf-v2-sources-671575470699-europe-west3","object":"api/function-source.zip","generation":"1754767934093724"}},"dockerRegistry":"ARTIFACT_REGISTRY","serviceAccount":"projects/link-in-bio-fbase-project/serviceAccounts/671575470699-compute@developer.gserviceaccount.com","automaticUpdatePolicy":{}},"serviceConfig":{"service":"projects/link-in-bio-fbase-project/locations/europe-west3/services/api","timeoutSeconds":60,"environmentVariables":{"FIREBASE_CONFIG":"{\"projectId\":\"link-in-bio-fbase-project\",\"databaseURL\":\"https://link-in-bio-fbase-project-default-rtdb.europe-west1.firebasedatabase.app\",\"storageBucket\":\"link-in-bio-fbase-project.firebasestorage.app\"}","GCLOUD_PROJECT":"link-in-bio-fbase-project","EVENTARC_CLOUD_EVENT_SOURCE":"projects/link-in-bio-fbase-project/locations/europe-west3/services/api","FUNCTION_TARGET":"api","LOG_EXECUTION_ID":"true"},"ingressSettings":"ALLOW_ALL","uri":"https://api-y7ly6wb5ka-ey.a.run.app","serviceAccountEmail":"671575470699-compute@developer.gserviceaccount.com","availableMemory":"256Mi","allTrafficOnLatestRevision":true,"secretEnvironmentVariables":[{"key":"GEMINI_API_KEY","projectId":"link-in-bio-fbase-project","secret":"GEMINI_API_KEY","version":"1"},{"key":"JWT_SECRET","projectId":"link-in-bio-fbase-project","secret":"JWT_SECRET","version":"1"}],"revision":"api-00001-naz","maxInstanceRequestConcurrency":80,"availableCpu":"1"},"state":"ACTIVE","labels":{"deployment-tool":"cli-firebase","firebase-functions-hash":"df7a9069981ed9f120e08f0bf5b05ade04dd0a5d"},"environment":"GEN_2","url":"https://europe-west3-link-in-bio-fbase-project.cloudfunctions.net/api","satisfiesPzs":true,"satisfiesPzi":true},"stages":[{"name":"BUILD","message":"Build in progress","state":"IN_PROGRESS","resource":"projects/671575470699/locations/europe-west3/builds/de2cce79-1c03-4ca4-9cb3-de53f54529c3","resourceUri":"https://console.cloud.google.com/cloud-build/builds;region=europe-west3/de2cce79-1c03-4ca4-9cb3-de53f54529c3?project=671575470699"},{"name":"SERVICE","state":"NOT_STARTED"}],"operationType":"UPDATE_FUNCTION","buildName":"projects/671575470699/locations/europe-west3/builds/de2cce79-1c03-4ca4-9cb3-de53f54529c3"},"done":false}
[debug] [2025-08-09T21:00:10.383Z] [update-default-europe-west3-api] Retrying task index 0
[debug] [2025-08-09T21:00:10.383Z] Checked if tokens are valid: true, expires at: 1754775376854
[debug] [2025-08-09T21:00:10.384Z] Checked if tokens are valid: true, expires at: 1754775376854
[debug] [2025-08-09T21:00:10.384Z] >>> [apiv2][query] GET https://cloudfunctions.googleapis.com/v2/projects/link-in-bio-fbase-project/locations/europe-west3/operations/operation-1754773202593-63bf4f966e530-e1bea078-765e837b [none]
[debug] [2025-08-09T21:00:10.486Z] <<< [apiv2][status] GET https://cloudfunctions.googleapis.com/v2/projects/link-in-bio-fbase-project/locations/europe-west3/operations/operation-1754773202593-63bf4f966e530-e1bea078-765e837b 200
[debug] [2025-08-09T21:00:10.486Z] <<< [apiv2][body] GET https://cloudfunctions.googleapis.com/v2/projects/link-in-bio-fbase-project/locations/europe-west3/operations/operation-1754773202593-63bf4f966e530-e1bea078-765e837b {"name":"projects/link-in-bio-fbase-project/locations/europe-west3/operations/operation-1754773202593-63bf4f966e530-e1bea078-765e837b","metadata":{"@type":"type.googleapis.com/google.cloud.functions.v2.OperationMetadata","createTime":"2025-08-09T21:00:03.481825957Z","target":"projects/link-in-bio-fbase-project/locations/europe-west3/functions/api","verb":"update","cancelRequested":false,"apiVersion":"v2","requestResource":{"@type":"type.googleapis.com/google.cloud.functions.v2.Function","name":"projects/link-in-bio-fbase-project/locations/europe-west3/functions/api","buildConfig":{"runtime":"nodejs20","entryPoint":"api","source":{"storageSource":{"bucket":"gcf-v2-sources-671575470699-europe-west3","object":"api/function-source.zip","generation":"1754773203439560"}},"environmentVariables":{"GOOGLE_NODE_RUN_SCRIPTS":""},"dockerRepository":"projects/link-in-bio-fbase-project/locations/europe-west3/repositories/gcf-artifacts","sourceProvenance":{"resolvedStorageSource":{"bucket":"gcf-v2-sources-671575470699-europe-west3","object":"api/function-source.zip","generation":"1754767934093724"}},"dockerRegistry":"ARTIFACT_REGISTRY","serviceAccount":"projects/link-in-bio-fbase-project/serviceAccounts/671575470699-compute@developer.gserviceaccount.com","automaticUpdatePolicy":{}},"serviceConfig":{"service":"projects/link-in-bio-fbase-project/locations/europe-west3/services/api","timeoutSeconds":60,"environmentVariables":{"FIREBASE_CONFIG":"{\"projectId\":\"link-in-bio-fbase-project\",\"databaseURL\":\"https://link-in-bio-fbase-project-default-rtdb.europe-west1.firebasedatabase.app\",\"storageBucket\":\"link-in-bio-fbase-project.firebasestorage.app\"}","GCLOUD_PROJECT":"link-in-bio-fbase-project","EVENTARC_CLOUD_EVENT_SOURCE":"projects/link-in-bio-fbase-project/locations/europe-west3/services/api","FUNCTION_TARGET":"api","LOG_EXECUTION_ID":"true"},"ingressSettings":"ALLOW_ALL","uri":"https://api-y7ly6wb5ka-ey.a.run.app","serviceAccountEmail":"671575470699-compute@developer.gserviceaccount.com","availableMemory":"256Mi","allTrafficOnLatestRevision":true,"secretEnvironmentVariables":[{"key":"GEMINI_API_KEY","projectId":"link-in-bio-fbase-project","secret":"GEMINI_API_KEY","version":"1"},{"key":"JWT_SECRET","projectId":"link-in-bio-fbase-project","secret":"JWT_SECRET","version":"1"}],"revision":"api-00001-naz","maxInstanceRequestConcurrency":80,"availableCpu":"1"},"state":"ACTIVE","labels":{"deployment-tool":"cli-firebase","firebase-functions-hash":"df7a9069981ed9f120e08f0bf5b05ade04dd0a5d"},"environment":"GEN_2","url":"https://europe-west3-link-in-bio-fbase-project.cloudfunctions.net/api","satisfiesPzs":true,"satisfiesPzi":true},"stages":[{"name":"BUILD","message":"Build in progress","state":"IN_PROGRESS","resource":"projects/671575470699/locations/europe-west3/builds/de2cce79-1c03-4ca4-9cb3-de53f54529c3","resourceUri":"https://console.cloud.google.com/cloud-build/builds;region=europe-west3/de2cce79-1c03-4ca4-9cb3-de53f54529c3?project=671575470699"},{"name":"SERVICE","state":"NOT_STARTED"}],"operationType":"UPDATE_FUNCTION","buildName":"projects/671575470699/locations/europe-west3/builds/de2cce79-1c03-4ca4-9cb3-de53f54529c3"},"done":false}
[debug] [2025-08-09T21:00:18.487Z] [update-default-europe-west3-api] Retrying task index 0
[debug] [2025-08-09T21:00:18.489Z] Checked if tokens are valid: true, expires at: 1754775376854
[debug] [2025-08-09T21:00:18.489Z] Checked if tokens are valid: true, expires at: 1754775376854
[debug] [2025-08-09T21:00:18.490Z] >>> [apiv2][query] GET https://cloudfunctions.googleapis.com/v2/projects/link-in-bio-fbase-project/locations/europe-west3/operations/operation-1754773202593-63bf4f966e530-e1bea078-765e837b [none]
[debug] [2025-08-09T21:00:18.626Z] <<< [apiv2][status] GET https://cloudfunctions.googleapis.com/v2/projects/link-in-bio-fbase-project/locations/europe-west3/operations/operation-1754773202593-63bf4f966e530-e1bea078-765e837b 200
[debug] [2025-08-09T21:00:18.627Z] <<< [apiv2][body] GET https://cloudfunctions.googleapis.com/v2/projects/link-in-bio-fbase-project/locations/europe-west3/operations/operation-1754773202593-63bf4f966e530-e1bea078-765e837b {"name":"projects/link-in-bio-fbase-project/locations/europe-west3/operations/operation-1754773202593-63bf4f966e530-e1bea078-765e837b","metadata":{"@type":"type.googleapis.com/google.cloud.functions.v2.OperationMetadata","createTime":"2025-08-09T21:00:03.481825957Z","target":"projects/link-in-bio-fbase-project/locations/europe-west3/functions/api","verb":"update","cancelRequested":false,"apiVersion":"v2","requestResource":{"@type":"type.googleapis.com/google.cloud.functions.v2.Function","name":"projects/link-in-bio-fbase-project/locations/europe-west3/functions/api","buildConfig":{"runtime":"nodejs20","entryPoint":"api","source":{"storageSource":{"bucket":"gcf-v2-sources-671575470699-europe-west3","object":"api/function-source.zip","generation":"1754773203439560"}},"environmentVariables":{"GOOGLE_NODE_RUN_SCRIPTS":""},"dockerRepository":"projects/link-in-bio-fbase-project/locations/europe-west3/repositories/gcf-artifacts","sourceProvenance":{"resolvedStorageSource":{"bucket":"gcf-v2-sources-671575470699-europe-west3","object":"api/function-source.zip","generation":"1754767934093724"}},"dockerRegistry":"ARTIFACT_REGISTRY","serviceAccount":"projects/link-in-bio-fbase-project/serviceAccounts/671575470699-compute@developer.gserviceaccount.com","automaticUpdatePolicy":{}},"serviceConfig":{"service":"projects/link-in-bio-fbase-project/locations/europe-west3/services/api","timeoutSeconds":60,"environmentVariables":{"FIREBASE_CONFIG":"{\"projectId\":\"link-in-bio-fbase-project\",\"databaseURL\":\"https://link-in-bio-fbase-project-default-rtdb.europe-west1.firebasedatabase.app\",\"storageBucket\":\"link-in-bio-fbase-project.firebasestorage.app\"}","GCLOUD_PROJECT":"link-in-bio-fbase-project","EVENTARC_CLOUD_EVENT_SOURCE":"projects/link-in-bio-fbase-project/locations/europe-west3/services/api","FUNCTION_TARGET":"api","LOG_EXECUTION_ID":"true"},"ingressSettings":"ALLOW_ALL","uri":"https://api-y7ly6wb5ka-ey.a.run.app","serviceAccountEmail":"671575470699-compute@developer.gserviceaccount.com","availableMemory":"256Mi","allTrafficOnLatestRevision":true,"secretEnvironmentVariables":[{"key":"GEMINI_API_KEY","projectId":"link-in-bio-fbase-project","secret":"GEMINI_API_KEY","version":"1"},{"key":"JWT_SECRET","projectId":"link-in-bio-fbase-project","secret":"JWT_SECRET","version":"1"}],"revision":"api-00001-naz","maxInstanceRequestConcurrency":80,"availableCpu":"1"},"state":"ACTIVE","labels":{"deployment-tool":"cli-firebase","firebase-functions-hash":"df7a9069981ed9f120e08f0bf5b05ade04dd0a5d"},"environment":"GEN_2","url":"https://europe-west3-link-in-bio-fbase-project.cloudfunctions.net/api","satisfiesPzs":true,"satisfiesPzi":true},"stages":[{"name":"BUILD","message":"Build in progress","state":"IN_PROGRESS","resource":"projects/671575470699/locations/europe-west3/builds/de2cce79-1c03-4ca4-9cb3-de53f54529c3","resourceUri":"https://console.cloud.google.com/cloud-build/builds;region=europe-west3/de2cce79-1c03-4ca4-9cb3-de53f54529c3?project=671575470699"},{"name":"SERVICE","state":"NOT_STARTED"}],"operationType":"UPDATE_FUNCTION","buildName":"projects/671575470699/locations/europe-west3/builds/de2cce79-1c03-4ca4-9cb3-de53f54529c3"},"done":false}
[debug] [2025-08-09T21:00:28.633Z] [update-default-europe-west3-api] Retrying task index 0
[debug] [2025-08-09T21:00:28.635Z] Checked if tokens are valid: true, expires at: 1754775376854
[debug] [2025-08-09T21:00:28.636Z] Checked if tokens are valid: true, expires at: 1754775376854
[debug] [2025-08-09T21:00:28.636Z] >>> [apiv2][query] GET https://cloudfunctions.googleapis.com/v2/projects/link-in-bio-fbase-project/locations/europe-west3/operations/operation-1754773202593-63bf4f966e530-e1bea078-765e837b [none]
[debug] [2025-08-09T21:00:28.784Z] <<< [apiv2][status] GET https://cloudfunctions.googleapis.com/v2/projects/link-in-bio-fbase-project/locations/europe-west3/operations/operation-1754773202593-63bf4f966e530-e1bea078-765e837b 200
[debug] [2025-08-09T21:00:28.785Z] <<< [apiv2][body] GET https://cloudfunctions.googleapis.com/v2/projects/link-in-bio-fbase-project/locations/europe-west3/operations/operation-1754773202593-63bf4f966e530-e1bea078-765e837b {"name":"projects/link-in-bio-fbase-project/locations/europe-west3/operations/operation-1754773202593-63bf4f966e530-e1bea078-765e837b","metadata":{"@type":"type.googleapis.com/google.cloud.functions.v2.OperationMetadata","createTime":"2025-08-09T21:00:03.481825957Z","target":"projects/link-in-bio-fbase-project/locations/europe-west3/functions/api","verb":"update","cancelRequested":false,"apiVersion":"v2","requestResource":{"@type":"type.googleapis.com/google.cloud.functions.v2.Function","name":"projects/link-in-bio-fbase-project/locations/europe-west3/functions/api","buildConfig":{"runtime":"nodejs20","entryPoint":"api","source":{"storageSource":{"bucket":"gcf-v2-sources-671575470699-europe-west3","object":"api/function-source.zip","generation":"1754773203439560"}},"environmentVariables":{"GOOGLE_NODE_RUN_SCRIPTS":""},"dockerRepository":"projects/link-in-bio-fbase-project/locations/europe-west3/repositories/gcf-artifacts","sourceProvenance":{"resolvedStorageSource":{"bucket":"gcf-v2-sources-671575470699-europe-west3","object":"api/function-source.zip","generation":"1754767934093724"}},"dockerRegistry":"ARTIFACT_REGISTRY","serviceAccount":"projects/link-in-bio-fbase-project/serviceAccounts/671575470699-compute@developer.gserviceaccount.com","automaticUpdatePolicy":{}},"serviceConfig":{"service":"projects/link-in-bio-fbase-project/locations/europe-west3/services/api","timeoutSeconds":60,"environmentVariables":{"FIREBASE_CONFIG":"{\"projectId\":\"link-in-bio-fbase-project\",\"databaseURL\":\"https://link-in-bio-fbase-project-default-rtdb.europe-west1.firebasedatabase.app\",\"storageBucket\":\"link-in-bio-fbase-project.firebasestorage.app\"}","GCLOUD_PROJECT":"link-in-bio-fbase-project","EVENTARC_CLOUD_EVENT_SOURCE":"projects/link-in-bio-fbase-project/locations/europe-west3/services/api","FUNCTION_TARGET":"api","LOG_EXECUTION_ID":"true"},"ingressSettings":"ALLOW_ALL","uri":"https://api-y7ly6wb5ka-ey.a.run.app","serviceAccountEmail":"671575470699-compute@developer.gserviceaccount.com","availableMemory":"256Mi","allTrafficOnLatestRevision":true,"secretEnvironmentVariables":[{"key":"GEMINI_API_KEY","projectId":"link-in-bio-fbase-project","secret":"GEMINI_API_KEY","version":"1"},{"key":"JWT_SECRET","projectId":"link-in-bio-fbase-project","secret":"JWT_SECRET","version":"1"}],"revision":"api-00001-naz","maxInstanceRequestConcurrency":80,"availableCpu":"1"},"state":"ACTIVE","labels":{"deployment-tool":"cli-firebase","firebase-functions-hash":"df7a9069981ed9f120e08f0bf5b05ade04dd0a5d"},"environment":"GEN_2","url":"https://europe-west3-link-in-bio-fbase-project.cloudfunctions.net/api","satisfiesPzs":true,"satisfiesPzi":true},"stages":[{"name":"BUILD","message":"Build in progress","state":"IN_PROGRESS","resource":"projects/671575470699/locations/europe-west3/builds/de2cce79-1c03-4ca4-9cb3-de53f54529c3","resourceUri":"https://console.cloud.google.com/cloud-build/builds;region=europe-west3/de2cce79-1c03-4ca4-9cb3-de53f54529c3?project=671575470699"},{"name":"SERVICE","state":"NOT_STARTED"}],"operationType":"UPDATE_FUNCTION","buildName":"projects/671575470699/locations/europe-west3/builds/de2cce79-1c03-4ca4-9cb3-de53f54529c3"},"done":false}
[debug] [2025-08-09T21:00:38.792Z] [update-default-europe-west3-api] Retrying task index 0
[debug] [2025-08-09T21:00:38.794Z] Checked if tokens are valid: true, expires at: 1754775376854
[debug] [2025-08-09T21:00:38.794Z] Checked if tokens are valid: true, expires at: 1754775376854
[debug] [2025-08-09T21:00:38.795Z] >>> [apiv2][query] GET https://cloudfunctions.googleapis.com/v2/projects/link-in-bio-fbase-project/locations/europe-west3/operations/operation-1754773202593-63bf4f966e530-e1bea078-765e837b [none]
[debug] [2025-08-09T21:00:38.930Z] <<< [apiv2][status] GET https://cloudfunctions.googleapis.com/v2/projects/link-in-bio-fbase-project/locations/europe-west3/operations/operation-1754773202593-63bf4f966e530-e1bea078-765e837b 200
[debug] [2025-08-09T21:00:38.930Z] <<< [apiv2][body] GET https://cloudfunctions.googleapis.com/v2/projects/link-in-bio-fbase-project/locations/europe-west3/operations/operation-1754773202593-63bf4f966e530-e1bea078-765e837b {"name":"projects/link-in-bio-fbase-project/locations/europe-west3/operations/operation-1754773202593-63bf4f966e530-e1bea078-765e837b","metadata":{"@type":"type.googleapis.com/google.cloud.functions.v2.OperationMetadata","createTime":"2025-08-09T21:00:03.481825957Z","target":"projects/link-in-bio-fbase-project/locations/europe-west3/functions/api","verb":"update","cancelRequested":false,"apiVersion":"v2","requestResource":{"@type":"type.googleapis.com/google.cloud.functions.v2.Function","name":"projects/link-in-bio-fbase-project/locations/europe-west3/functions/api","buildConfig":{"runtime":"nodejs20","entryPoint":"api","source":{"storageSource":{"bucket":"gcf-v2-sources-671575470699-europe-west3","object":"api/function-source.zip","generation":"1754773203439560"}},"environmentVariables":{"GOOGLE_NODE_RUN_SCRIPTS":""},"dockerRepository":"projects/link-in-bio-fbase-project/locations/europe-west3/repositories/gcf-artifacts","sourceProvenance":{"resolvedStorageSource":{"bucket":"gcf-v2-sources-671575470699-europe-west3","object":"api/function-source.zip","generation":"1754767934093724"}},"dockerRegistry":"ARTIFACT_REGISTRY","serviceAccount":"projects/link-in-bio-fbase-project/serviceAccounts/671575470699-compute@developer.gserviceaccount.com","automaticUpdatePolicy":{}},"serviceConfig":{"service":"projects/link-in-bio-fbase-project/locations/europe-west3/services/api","timeoutSeconds":60,"environmentVariables":{"FIREBASE_CONFIG":"{\"projectId\":\"link-in-bio-fbase-project\",\"databaseURL\":\"https://link-in-bio-fbase-project-default-rtdb.europe-west1.firebasedatabase.app\",\"storageBucket\":\"link-in-bio-fbase-project.firebasestorage.app\"}","GCLOUD_PROJECT":"link-in-bio-fbase-project","EVENTARC_CLOUD_EVENT_SOURCE":"projects/link-in-bio-fbase-project/locations/europe-west3/services/api","FUNCTION_TARGET":"api","LOG_EXECUTION_ID":"true"},"ingressSettings":"ALLOW_ALL","uri":"https://api-y7ly6wb5ka-ey.a.run.app","serviceAccountEmail":"671575470699-compute@developer.gserviceaccount.com","availableMemory":"256Mi","allTrafficOnLatestRevision":true,"secretEnvironmentVariables":[{"key":"GEMINI_API_KEY","projectId":"link-in-bio-fbase-project","secret":"GEMINI_API_KEY","version":"1"},{"key":"JWT_SECRET","projectId":"link-in-bio-fbase-project","secret":"JWT_SECRET","version":"1"}],"revision":"api-00001-naz","maxInstanceRequestConcurrency":80,"availableCpu":"1"},"state":"ACTIVE","labels":{"deployment-tool":"cli-firebase","firebase-functions-hash":"df7a9069981ed9f120e08f0bf5b05ade04dd0a5d"},"environment":"GEN_2","url":"https://europe-west3-link-in-bio-fbase-project.cloudfunctions.net/api","satisfiesPzs":true,"satisfiesPzi":true},"stages":[{"name":"BUILD","message":"Build in progress","state":"IN_PROGRESS","resource":"projects/671575470699/locations/europe-west3/builds/de2cce79-1c03-4ca4-9cb3-de53f54529c3","resourceUri":"https://console.cloud.google.com/cloud-build/builds;region=europe-west3/de2cce79-1c03-4ca4-9cb3-de53f54529c3?project=671575470699"},{"name":"SERVICE","state":"NOT_STARTED"}],"operationType":"UPDATE_FUNCTION","buildName":"projects/671575470699/locations/europe-west3/builds/de2cce79-1c03-4ca4-9cb3-de53f54529c3"},"done":false}
